  lzss.cpp
X:\opt\repos\LZSS\2023\lzss.cpp(213,45): error C2065: 'inFile': undeclared identifier
X:\opt\repos\LZSS\2023\lzss.cpp(244,5): error C2065: 'outFile': undeclared identifier
X:\opt\repos\LZSS\2023\lzss.cpp(249,45): error C2065: 'inFile': undeclared identifier
X:\opt\repos\LZSS\2023\lzss.cpp(277,4): error C2065: 'outFile': undeclared identifier
X:\opt\repos\LZSS\2023\lzss.cpp(281,29): error C2065: 'outFile': undeclared identifier
X:\opt\repos\LZSS\2023\lzss.cpp(281,9): warning C4473: 'printf' : not enough arguments passed for format string
X:\opt\repos\LZSS\2023\lzss.cpp(281,9): message : placeholders and their parameters expect 1 variadic arguments, but 0 were provided
X:\opt\repos\LZSS\2023\lzss.cpp(281,9): message : the missing variadic argument 1 is required by format string '%ld'
X:\opt\repos\LZSS\2023\lzss.cpp(283,35): error C2065: 'outFile': undeclared identifier
X:\opt\repos\LZSS\2023\lzss.cpp(283,9): warning C4473: 'printf' : not enough arguments passed for format string
X:\opt\repos\LZSS\2023\lzss.cpp(283,9): message : placeholders and their parameters expect 1 variadic arguments, but 0 were provided
X:\opt\repos\LZSS\2023\lzss.cpp(283,9): message : the missing variadic argument 1 is required by format string '%.3f'
X:\opt\repos\LZSS\2023\lzss.cpp(306,13): error C2065: 'inFile': undeclared identifier
X:\opt\repos\LZSS\2023\lzss.cpp(312,13): error C2065: 'inFile': undeclared identifier
X:\opt\repos\LZSS\2023\lzss.cpp(314,4): error C2065: 'outFile': undeclared identifier
X:\opt\repos\LZSS\2023\lzss.cpp(320,13): error C2065: 'inFile': undeclared identifier
X:\opt\repos\LZSS\2023\lzss.cpp(322,13): error C2065: 'inFile': undeclared identifier
X:\opt\repos\LZSS\2023\lzss.cpp(329,5): error C2065: 'outFile': undeclared identifier
X:\opt\repos\LZSS\2023\lzss.cpp(383,12): error C3083: 'filesystem': the symbol to the left of a '::' must be a type
X:\opt\repos\LZSS\2023\lzss.cpp(383,24): error C2039: 'exists': is not a member of 'std'
C:\Program Files\Microsoft Visual Studio\2022\Community\VC\Tools\MSVC\14.37.32822\include\vector(26,1): message : see declaration of 'std'
X:\opt\repos\LZSS\2023\lzss.cpp(383,24): error C3861: 'exists': identifier not found
X:\opt\repos\LZSS\2023\lzss.cpp(416,1): fatal  error C1907: unable to recover from previous error(s); stopping compilation
  INTERNAL COMPILER ERROR in 'C:\Program Files\Microsoft Visual Studio\2022\Community\VC\Tools\MSVC\14.37.32822\bin\HostX64\x64\CL.exe'
      Please choose the Technical Support command on the Visual C++
      Help menu, or open the Technical Support help file for more information
